# Logfile created on 2014-06-03 12:51:57 -0400 by logger.rb/31641
I, [2014-06-03T12:51:57.917815 #289282]  INFO -- : 0:  rake (10.3.2) from /var/lib/stickshift/538a3b5a500446507500045a/app-root/data/lib/ruby/gems/specifications/rake-10.3.2.gemspec
I, [2014-06-03T12:51:57.918771 #289282]  INFO -- : 0:  i18n (0.6.9) from /usr/libexec/openshift/cartridges/c9-0.1/root/lib/ruby/gems/specifications/i18n-0.6.9.gemspec
I, [2014-06-03T12:51:57.919448 #289282]  INFO -- : 0:  minitest (4.7.5) from /usr/libexec/openshift/cartridges/c9-0.1/root/lib/ruby/gems/specifications/minitest-4.7.5.gemspec
I, [2014-06-03T12:51:59.132138 #289282]  INFO -- : 0:  multi_json (1.10.1) from /var/lib/stickshift/538a3b5a500446507500045a/app-root/data/lib/ruby/gems/specifications/multi_json-1.10.1.gemspec
I, [2014-06-03T12:52:00.676377 #289282]  INFO -- : 0:  thread_safe (0.3.4) from /var/lib/stickshift/538a3b5a500446507500045a/app-root/data/lib/ruby/gems/specifications/thread_safe-0.3.4.gemspec
I, [2014-06-03T12:52:06.739911 #289282]  INFO -- : 0:  tzinfo (0.3.39) from /var/lib/stickshift/538a3b5a500446507500045a/app-root/data/lib/ruby/gems/specifications/tzinfo-0.3.39.gemspec
I, [2014-06-03T12:52:06.741903 #289282]  INFO -- : 0:  activesupport (4.0.0) from /usr/libexec/openshift/cartridges/c9-0.1/root/lib/ruby/gems/specifications/activesupport-4.0.0.gemspec
I, [2014-06-03T12:52:06.742557 #289282]  INFO -- : 0:  builder (3.1.4) from /usr/libexec/openshift/cartridges/c9-0.1/root/lib/ruby/gems/specifications/builder-3.1.4.gemspec
I, [2014-06-03T12:52:06.743409 #289282]  INFO -- : 0:  erubis (2.7.0) from /usr/libexec/openshift/cartridges/c9-0.1/root/lib/ruby/gems/specifications/erubis-2.7.0.gemspec
I, [2014-06-03T12:52:06.744098 #289282]  INFO -- : 0:  rack (1.5.2) from /usr/libexec/openshift/cartridges/c9-0.1/root/lib/ruby/gems/specifications/rack-1.5.2.gemspec
I, [2014-06-03T12:52:06.747420 #289282]  INFO -- : 0:  rack-test (0.6.2) from /usr/libexec/openshift/cartridges/c9-0.1/root/lib/ruby/gems/specifications/rack-test-0.6.2.gemspec
I, [2014-06-03T12:52:06.748076 #289282]  INFO -- : 0:  actionpack (4.0.0) from /usr/libexec/openshift/cartridges/c9-0.1/root/lib/ruby/gems/specifications/actionpack-4.0.0.gemspec
I, [2014-06-03T12:52:06.751932 #289282]  INFO -- : 0:  mime-types (1.25.1) from /usr/libexec/openshift/cartridges/c9-0.1/root/lib/ruby/gems/specifications/mime-types-1.25.1.gemspec
I, [2014-06-03T12:52:07.830686 #289282]  INFO -- : 0:  polyglot (0.3.5) from /var/lib/stickshift/538a3b5a500446507500045a/app-root/data/lib/ruby/gems/specifications/polyglot-0.3.5.gemspec
I, [2014-06-03T12:52:07.837122 #289282]  INFO -- : 0:  treetop (1.4.15) from /usr/libexec/openshift/cartridges/c9-0.1/root/lib/ruby/gems/specifications/treetop-1.4.15.gemspec
I, [2014-06-03T12:52:07.838903 #289282]  INFO -- : 0:  mail (2.5.4) from /usr/libexec/openshift/cartridges/c9-0.1/root/lib/ruby/gems/specifications/mail-2.5.4.gemspec
I, [2014-06-03T12:52:07.839563 #289282]  INFO -- : 0:  actionmailer (4.0.0) from /usr/libexec/openshift/cartridges/c9-0.1/root/lib/ruby/gems/specifications/actionmailer-4.0.0.gemspec
I, [2014-06-03T12:52:07.841306 #289282]  INFO -- : 0:  activemodel (4.0.0) from /usr/libexec/openshift/cartridges/c9-0.1/root/lib/ruby/gems/specifications/activemodel-4.0.0.gemspec
I, [2014-06-03T12:52:07.843042 #289282]  INFO -- : 0:  activerecord-deprecated_finders (1.0.3) from /usr/libexec/openshift/cartridges/c9-0.1/root/lib/ruby/gems/specifications/activerecord-deprecated_finders-1.0.3.gemspec
I, [2014-06-03T12:52:11.118363 #289282]  INFO -- : 0:  arel (4.0.2) from /var/lib/stickshift/538a3b5a500446507500045a/app-root/data/lib/ruby/gems/specifications/arel-4.0.2.gemspec
I, [2014-06-03T12:52:11.122469 #289282]  INFO -- : 0:  activerecord (4.0.0) from /usr/libexec/openshift/cartridges/c9-0.1/root/lib/ruby/gems/specifications/activerecord-4.0.0.gemspec
I, [2014-06-03T12:52:11.123175 #289282]  INFO -- : 0:  bundler (1.5.1) from /usr/libexec/openshift/cartridges/c9-0.1/root/lib/ruby/gems/specifications/bundler-1.5.1.gemspec
I, [2014-06-03T12:52:12.508162 #289282]  INFO -- : 0:  coffee-script-source (1.7.0) from /var/lib/stickshift/538a3b5a500446507500045a/app-root/data/lib/ruby/gems/specifications/coffee-script-source-1.7.0.gemspec
I, [2014-06-03T12:52:13.611285 #289282]  INFO -- : 0:  execjs (2.1.0) from /var/lib/stickshift/538a3b5a500446507500045a/app-root/data/lib/ruby/gems/specifications/execjs-2.1.0.gemspec
I, [2014-06-03T12:52:13.612537 #289282]  INFO -- : 0:  coffee-script (2.2.0) from /usr/libexec/openshift/cartridges/c9-0.1/root/lib/ruby/gems/specifications/coffee-script-2.2.0.gemspec
I, [2014-06-03T12:52:15.722401 #289282]  INFO -- : 0:  thor (0.19.1) from /var/lib/stickshift/538a3b5a500446507500045a/app-root/data/lib/ruby/gems/specifications/thor-0.19.1.gemspec
I, [2014-06-03T12:52:15.723600 #289282]  INFO -- : 0:  railties (4.0.0) from /usr/libexec/openshift/cartridges/c9-0.1/root/lib/ruby/gems/specifications/railties-4.0.0.gemspec
I, [2014-06-03T12:52:15.724996 #289282]  INFO -- : 0:  coffee-rails (4.0.1) from /usr/libexec/openshift/cartridges/c9-0.1/root/lib/ruby/gems/specifications/coffee-rails-4.0.1.gemspec
I, [2014-06-03T12:52:17.029400 #289282]  INFO -- : 0:  diff-lcs (1.2.5) from /var/lib/stickshift/538a3b5a500446507500045a/app-root/data/lib/ruby/gems/specifications/diff-lcs-1.2.5.gemspec
I, [2014-06-03T12:52:17.031747 #289282]  INFO -- : 0:  hike (1.2.3) from /usr/libexec/openshift/cartridges/c9-0.1/root/lib/ruby/gems/specifications/hike-1.2.3.gemspec
I, [2014-06-03T12:52:17.032417 #289282]  INFO -- : 0:  jbuilder (1.5.3) from /usr/libexec/openshift/cartridges/c9-0.1/root/lib/ruby/gems/specifications/jbuilder-1.5.3.gemspec
I, [2014-06-03T12:52:18.911337 #289282]  INFO -- : 0:  jquery-rails (3.1.0) from /var/lib/stickshift/538a3b5a500446507500045a/app-root/data/lib/ruby/gems/specifications/jquery-rails-3.1.0.gemspec
I, [2014-06-03T12:52:18.912588 #289282]  INFO -- : 0:  json (1.8.1) from /usr/libexec/openshift/cartridges/c9-0.1/root/lib/ruby/gems/specifications/json-1.8.1.gemspec
I, [2014-06-03T12:52:19.831484 #289282]  INFO -- : 0:  mini_portile (0.6.0) from /var/lib/stickshift/538a3b5a500446507500045a/app-root/data/lib/ruby/gems/specifications/mini_portile-0.6.0.gemspec
I, [2014-06-03T13:00:56.909322 #289282]  INFO -- : 0:  nokogiri (1.6.2.1) from /var/lib/stickshift/538a3b5a500446507500045a/app-root/data/lib/ruby/gems/specifications/nokogiri-1.6.2.1.gemspec
I, [2014-06-03T13:01:38.028277 #289282]  INFO -- : 0:  pg (0.17.1) from /var/lib/stickshift/538a3b5a500446507500045a/app-root/data/lib/ruby/gems/specifications/pg-0.17.1.gemspec
I, [2014-06-03T13:01:38.029976 #289282]  INFO -- : 0:  tilt (1.4.1) from /usr/libexec/openshift/cartridges/c9-0.1/root/lib/ruby/gems/specifications/tilt-1.4.1.gemspec
I, [2014-06-03T13:01:39.502300 #289282]  INFO -- : 0:  sprockets (2.11.0) from /var/lib/stickshift/538a3b5a500446507500045a/app-root/data/lib/ruby/gems/specifications/sprockets-2.11.0.gemspec
I, [2014-06-03T13:01:39.503414 #289282]  INFO -- : 0:  sprockets-rails (2.0.1) from /usr/libexec/openshift/cartridges/c9-0.1/root/lib/ruby/gems/specifications/sprockets-rails-2.0.1.gemspec
I, [2014-06-03T13:01:39.504249 #289282]  INFO -- : 0:  rails (4.0.0) from /usr/libexec/openshift/cartridges/c9-0.1/root/lib/ruby/gems/specifications/rails-4.0.0.gemspec
I, [2014-06-03T13:01:39.505254 #289282]  INFO -- : 0:  rdoc (4.1.1) from /usr/libexec/openshift/cartridges/c9-0.1/root/lib/ruby/gems/specifications/rdoc-4.1.1.gemspec
I, [2014-06-03T13:01:40.633063 #289282]  INFO -- : 0:  rspec-support (3.0.0) from /var/lib/stickshift/538a3b5a500446507500045a/app-root/data/lib/ruby/gems/specifications/rspec-support-3.0.0.gemspec
I, [2014-06-03T13:01:42.028798 #289282]  INFO -- : 0:  rspec-core (3.0.0) from /var/lib/stickshift/538a3b5a500446507500045a/app-root/data/lib/ruby/gems/specifications/rspec-core-3.0.0.gemspec
I, [2014-06-03T13:01:43.922459 #289282]  INFO -- : 0:  rspec-expectations (3.0.0) from /var/lib/stickshift/538a3b5a500446507500045a/app-root/data/lib/ruby/gems/specifications/rspec-expectations-3.0.0.gemspec
I, [2014-06-03T13:01:45.317262 #289282]  INFO -- : 0:  rspec-mocks (3.0.0) from /var/lib/stickshift/538a3b5a500446507500045a/app-root/data/lib/ruby/gems/specifications/rspec-mocks-3.0.0.gemspec
I, [2014-06-03T13:01:46.930691 #289282]  INFO -- : 0:  rspec-rails (3.0.1) from /var/lib/stickshift/538a3b5a500446507500045a/app-root/data/lib/ruby/gems/specifications/rspec-rails-3.0.1.gemspec
I, [2014-06-03T13:01:50.207071 #289282]  INFO -- : 0:  sass (3.2.19) from /var/lib/stickshift/538a3b5a500446507500045a/app-root/data/lib/ruby/gems/specifications/sass-3.2.19.gemspec
I, [2014-06-03T13:01:53.920524 #289282]  INFO -- : 0:  sass-rails (4.0.3) from /var/lib/stickshift/538a3b5a500446507500045a/app-root/data/lib/ruby/gems/specifications/sass-rails-4.0.3.gemspec
I, [2014-06-03T13:01:53.921565 #289282]  INFO -- : 0:  sdoc (0.4.0) from /usr/libexec/openshift/cartridges/c9-0.1/root/lib/ruby/gems/specifications/sdoc-0.4.0.gemspec
I, [2014-06-03T13:01:55.031508 #289282]  INFO -- : 0:  turbolinks (2.2.2) from /var/lib/stickshift/538a3b5a500446507500045a/app-root/data/lib/ruby/gems/specifications/turbolinks-2.2.2.gemspec
I, [2014-06-03T13:01:56.343150 #289282]  INFO -- : 0:  uglifier (2.5.0) from /var/lib/stickshift/538a3b5a500446507500045a/app-root/data/lib/ruby/gems/specifications/uglifier-2.5.0.gemspec
I, [2014-06-03T13:32:25.642974 #348628]  INFO -- : 0:  rake (10.3.2) from /var/lib/stickshift/538a3b5a500446507500045a/app-root/data/lib/ruby/gems/specifications/rake-10.3.2.gemspec
I, [2014-06-03T13:32:25.643916 #348628]  INFO -- : 0:  i18n (0.6.9) from /usr/libexec/openshift/cartridges/c9-0.1/root/lib/ruby/gems/specifications/i18n-0.6.9.gemspec
I, [2014-06-03T13:32:25.644617 #348628]  INFO -- : 0:  minitest (4.7.5) from /usr/libexec/openshift/cartridges/c9-0.1/root/lib/ruby/gems/specifications/minitest-4.7.5.gemspec
I, [2014-06-03T13:32:25.645309 #348628]  INFO -- : 0:  multi_json (1.10.1) from /var/lib/stickshift/538a3b5a500446507500045a/app-root/data/lib/ruby/gems/specifications/multi_json-1.10.1.gemspec
I, [2014-06-03T13:32:25.701454 #348628]  INFO -- : 0:  thread_safe (0.3.4) from /var/lib/stickshift/538a3b5a500446507500045a/app-root/data/lib/ruby/gems/specifications/thread_safe-0.3.4.gemspec
I, [2014-06-03T13:32:25.702214 #348628]  INFO -- : 0:  tzinfo (0.3.39) from /var/lib/stickshift/538a3b5a500446507500045a/app-root/data/lib/ruby/gems/specifications/tzinfo-0.3.39.gemspec
I, [2014-06-03T13:32:25.703182 #348628]  INFO -- : 0:  activesupport (4.0.0) from /usr/libexec/openshift/cartridges/c9-0.1/root/lib/ruby/gems/specifications/activesupport-4.0.0.gemspec
I, [2014-06-03T13:32:25.703845 #348628]  INFO -- : 0:  builder (3.1.4) from /usr/libexec/openshift/cartridges/c9-0.1/root/lib/ruby/gems/specifications/builder-3.1.4.gemspec
I, [2014-06-03T13:32:25.706768 #348628]  INFO -- : 0:  erubis (2.7.0) from /usr/libexec/openshift/cartridges/c9-0.1/root/lib/ruby/gems/specifications/erubis-2.7.0.gemspec
I, [2014-06-03T13:32:25.707485 #348628]  INFO -- : 0:  rack (1.5.2) from /usr/libexec/openshift/cartridges/c9-0.1/root/lib/ruby/gems/specifications/rack-1.5.2.gemspec
I, [2014-06-03T13:32:25.708157 #348628]  INFO -- : 0:  rack-test (0.6.2) from /usr/libexec/openshift/cartridges/c9-0.1/root/lib/ruby/gems/specifications/rack-test-0.6.2.gemspec
I, [2014-06-03T13:32:25.709014 #348628]  INFO -- : 0:  actionpack (4.0.0) from /usr/libexec/openshift/cartridges/c9-0.1/root/lib/ruby/gems/specifications/actionpack-4.0.0.gemspec
I, [2014-06-03T13:32:25.709675 #348628]  INFO -- : 0:  mime-types (1.25.1) from /usr/libexec/openshift/cartridges/c9-0.1/root/lib/ruby/gems/specifications/mime-types-1.25.1.gemspec
I, [2014-06-03T13:32:25.710503 #348628]  INFO -- : 0:  polyglot (0.3.5) from /var/lib/stickshift/538a3b5a500446507500045a/app-root/data/lib/ruby/gems/specifications/polyglot-0.3.5.gemspec
I, [2014-06-03T13:32:25.711308 #348628]  INFO -- : 0:  treetop (1.4.15) from /usr/libexec/openshift/cartridges/c9-0.1/root/lib/ruby/gems/specifications/treetop-1.4.15.gemspec
I, [2014-06-03T13:32:25.712329 #348628]  INFO -- : 0:  mail (2.5.4) from /usr/libexec/openshift/cartridges/c9-0.1/root/lib/ruby/gems/specifications/mail-2.5.4.gemspec
I, [2014-06-03T13:32:25.713258 #348628]  INFO -- : 0:  actionmailer (4.0.0) from /usr/libexec/openshift/cartridges/c9-0.1/root/lib/ruby/gems/specifications/actionmailer-4.0.0.gemspec
I, [2014-06-03T13:32:25.714017 #348628]  INFO -- : 0:  activemodel (4.0.0) from /usr/libexec/openshift/cartridges/c9-0.1/root/lib/ruby/gems/specifications/activemodel-4.0.0.gemspec
I, [2014-06-03T13:32:25.717594 #348628]  INFO -- : 0:  activerecord-deprecated_finders (1.0.3) from /usr/libexec/openshift/cartridges/c9-0.1/root/lib/ruby/gems/specifications/activerecord-deprecated_finders-1.0.3.gemspec
I, [2014-06-03T13:32:25.718300 #348628]  INFO -- : 0:  arel (4.0.2) from /var/lib/stickshift/538a3b5a500446507500045a/app-root/data/lib/ruby/gems/specifications/arel-4.0.2.gemspec
I, [2014-06-03T13:32:25.719282 #348628]  INFO -- : 0:  activerecord (4.0.0) from /usr/libexec/openshift/cartridges/c9-0.1/root/lib/ruby/gems/specifications/activerecord-4.0.0.gemspec
I, [2014-06-03T13:32:25.720318 #348628]  INFO -- : 0:  bundler (1.5.1) from /usr/libexec/openshift/cartridges/c9-0.1/root/lib/ruby/gems/specifications/bundler-1.5.1.gemspec
I, [2014-06-03T13:32:25.722847 #348628]  INFO -- : 0:  mini_portile (0.6.0) from /var/lib/stickshift/538a3b5a500446507500045a/app-root/data/lib/ruby/gems/specifications/mini_portile-0.6.0.gemspec
I, [2014-06-03T13:32:25.723878 #348628]  INFO -- : 0:  nokogiri (1.6.2.1) from /var/lib/stickshift/538a3b5a500446507500045a/app-root/data/lib/ruby/gems/specifications/nokogiri-1.6.2.1.gemspec
I, [2014-06-03T13:32:26.924206 #348628]  INFO -- : 0:  xpath (2.0.0) from /var/lib/stickshift/538a3b5a500446507500045a/app-root/data/lib/ruby/gems/specifications/xpath-2.0.0.gemspec
I, [2014-06-03T13:32:29.220671 #348628]  INFO -- : 0:  capybara (2.3.0) from /var/lib/stickshift/538a3b5a500446507500045a/app-root/data/lib/ruby/gems/specifications/capybara-2.3.0.gemspec
I, [2014-06-03T13:32:29.221646 #348628]  INFO -- : 0:  coffee-script-source (1.7.0) from /var/lib/stickshift/538a3b5a500446507500045a/app-root/data/lib/ruby/gems/specifications/coffee-script-source-1.7.0.gemspec
I, [2014-06-03T13:32:29.222800 #348628]  INFO -- : 0:  execjs (2.1.0) from /var/lib/stickshift/538a3b5a500446507500045a/app-root/data/lib/ruby/gems/specifications/execjs-2.1.0.gemspec
I, [2014-06-03T13:32:29.223425 #348628]  INFO -- : 0:  coffee-script (2.2.0) from /usr/libexec/openshift/cartridges/c9-0.1/root/lib/ruby/gems/specifications/coffee-script-2.2.0.gemspec
I, [2014-06-03T13:32:29.224114 #348628]  INFO -- : 0:  thor (0.19.1) from /var/lib/stickshift/538a3b5a500446507500045a/app-root/data/lib/ruby/gems/specifications/thor-0.19.1.gemspec
I, [2014-06-03T13:32:29.224781 #348628]  INFO -- : 0:  railties (4.0.0) from /usr/libexec/openshift/cartridges/c9-0.1/root/lib/ruby/gems/specifications/railties-4.0.0.gemspec
I, [2014-06-03T13:32:29.225437 #348628]  INFO -- : 0:  coffee-rails (4.0.1) from /usr/libexec/openshift/cartridges/c9-0.1/root/lib/ruby/gems/specifications/coffee-rails-4.0.1.gemspec
I, [2014-06-03T13:32:29.226215 #348628]  INFO -- : 0:  diff-lcs (1.2.5) from /var/lib/stickshift/538a3b5a500446507500045a/app-root/data/lib/ruby/gems/specifications/diff-lcs-1.2.5.gemspec
I, [2014-06-03T13:32:29.226901 #348628]  INFO -- : 0:  hike (1.2.3) from /usr/libexec/openshift/cartridges/c9-0.1/root/lib/ruby/gems/specifications/hike-1.2.3.gemspec
I, [2014-06-03T13:32:29.227518 #348628]  INFO -- : 0:  jbuilder (1.5.3) from /usr/libexec/openshift/cartridges/c9-0.1/root/lib/ruby/gems/specifications/jbuilder-1.5.3.gemspec
I, [2014-06-03T13:32:29.228185 #348628]  INFO -- : 0:  jquery-rails (3.1.0) from /var/lib/stickshift/538a3b5a500446507500045a/app-root/data/lib/ruby/gems/specifications/jquery-rails-3.1.0.gemspec
I, [2014-06-03T13:32:29.300927 #348628]  INFO -- : 0:  json (1.8.1) from /usr/libexec/openshift/cartridges/c9-0.1/root/lib/ruby/gems/specifications/json-1.8.1.gemspec
I, [2014-06-03T13:32:29.301746 #348628]  INFO -- : 0:  tilt (1.4.1) from /usr/libexec/openshift/cartridges/c9-0.1/root/lib/ruby/gems/specifications/tilt-1.4.1.gemspec
I, [2014-06-03T13:32:29.302533 #348628]  INFO -- : 0:  sprockets (2.11.0) from /var/lib/stickshift/538a3b5a500446507500045a/app-root/data/lib/ruby/gems/specifications/sprockets-2.11.0.gemspec
I, [2014-06-03T13:32:29.303234 #348628]  INFO -- : 0:  sprockets-rails (2.0.1) from /usr/libexec/openshift/cartridges/c9-0.1/root/lib/ruby/gems/specifications/sprockets-rails-2.0.1.gemspec
I, [2014-06-03T13:32:29.303925 #348628]  INFO -- : 0:  rails (4.0.0) from /usr/libexec/openshift/cartridges/c9-0.1/root/lib/ruby/gems/specifications/rails-4.0.0.gemspec
I, [2014-06-03T13:32:29.304656 #348628]  INFO -- : 0:  rdoc (4.1.1) from /usr/libexec/openshift/cartridges/c9-0.1/root/lib/ruby/gems/specifications/rdoc-4.1.1.gemspec
I, [2014-06-03T13:32:29.305313 #348628]  INFO -- : 0:  rspec-support (3.0.0) from /var/lib/stickshift/538a3b5a500446507500045a/app-root/data/lib/ruby/gems/specifications/rspec-support-3.0.0.gemspec
I, [2014-06-03T13:32:29.306037 #348628]  INFO -- : 0:  rspec-core (3.0.0) from /var/lib/stickshift/538a3b5a500446507500045a/app-root/data/lib/ruby/gems/specifications/rspec-core-3.0.0.gemspec
I, [2014-06-03T13:32:29.306719 #348628]  INFO -- : 0:  rspec-expectations (3.0.0) from /var/lib/stickshift/538a3b5a500446507500045a/app-root/data/lib/ruby/gems/specifications/rspec-expectations-3.0.0.gemspec
I, [2014-06-03T13:32:29.307371 #348628]  INFO -- : 0:  rspec-mocks (3.0.0) from /var/lib/stickshift/538a3b5a500446507500045a/app-root/data/lib/ruby/gems/specifications/rspec-mocks-3.0.0.gemspec
I, [2014-06-03T13:32:29.308154 #348628]  INFO -- : 0:  rspec-rails (3.0.1) from /var/lib/stickshift/538a3b5a500446507500045a/app-root/data/lib/ruby/gems/specifications/rspec-rails-3.0.1.gemspec
I, [2014-06-03T13:32:29.308851 #348628]  INFO -- : 0:  sass (3.2.19) from /var/lib/stickshift/538a3b5a500446507500045a/app-root/data/lib/ruby/gems/specifications/sass-3.2.19.gemspec
I, [2014-06-03T13:32:29.309494 #348628]  INFO -- : 0:  sass-rails (4.0.3) from /var/lib/stickshift/538a3b5a500446507500045a/app-root/data/lib/ruby/gems/specifications/sass-rails-4.0.3.gemspec
I, [2014-06-03T13:32:29.310211 #348628]  INFO -- : 0:  sdoc (0.4.0) from /usr/libexec/openshift/cartridges/c9-0.1/root/lib/ruby/gems/specifications/sdoc-0.4.0.gemspec
I, [2014-06-03T13:32:47.046882 #348628]  INFO -- : 0:  sqlite3 (1.3.9) from /var/lib/stickshift/538a3b5a500446507500045a/app-root/data/lib/ruby/gems/specifications/sqlite3-1.3.9.gemspec
I, [2014-06-03T13:32:47.048650 #348628]  INFO -- : 0:  turbolinks (2.2.2) from /var/lib/stickshift/538a3b5a500446507500045a/app-root/data/lib/ruby/gems/specifications/turbolinks-2.2.2.gemspec
I, [2014-06-03T13:32:47.049484 #348628]  INFO -- : 0:  uglifier (2.5.0) from /var/lib/stickshift/538a3b5a500446507500045a/app-root/data/lib/ruby/gems/specifications/uglifier-2.5.0.gemspec
I, [2014-06-03T17:00:22.932224 #28563]  INFO -- : 0:  rake (10.3.2) from /var/lib/stickshift/538a3b5a500446507500045a/app-root/data/lib/ruby/gems/specifications/rake-10.3.2.gemspec
I, [2014-06-03T17:00:22.951718 #28563]  INFO -- : 0:  i18n (0.6.9) from /usr/libexec/openshift/cartridges/c9-0.1/root/lib/ruby/gems/specifications/i18n-0.6.9.gemspec
I, [2014-06-03T17:00:22.952458 #28563]  INFO -- : 0:  minitest (4.7.5) from /usr/libexec/openshift/cartridges/c9-0.1/root/lib/ruby/gems/specifications/minitest-4.7.5.gemspec
I, [2014-06-03T17:00:22.953241 #28563]  INFO -- : 0:  multi_json (1.10.1) from /var/lib/stickshift/538a3b5a500446507500045a/app-root/data/lib/ruby/gems/specifications/multi_json-1.10.1.gemspec
I, [2014-06-03T17:00:22.956193 #28563]  INFO -- : 0:  thread_safe (0.3.4) from /var/lib/stickshift/538a3b5a500446507500045a/app-root/data/lib/ruby/gems/specifications/thread_safe-0.3.4.gemspec
I, [2014-06-03T17:00:22.957138 #28563]  INFO -- : 0:  tzinfo (0.3.39) from /var/lib/stickshift/538a3b5a500446507500045a/app-root/data/lib/ruby/gems/specifications/tzinfo-0.3.39.gemspec
I, [2014-06-03T17:00:22.958077 #28563]  INFO -- : 0:  activesupport (4.0.0) from /usr/libexec/openshift/cartridges/c9-0.1/root/lib/ruby/gems/specifications/activesupport-4.0.0.gemspec
I, [2014-06-03T17:00:23.003004 #28563]  INFO -- : 0:  builder (3.1.4) from /usr/libexec/openshift/cartridges/c9-0.1/root/lib/ruby/gems/specifications/builder-3.1.4.gemspec
I, [2014-06-03T17:00:23.004940 #28563]  INFO -- : 0:  erubis (2.7.0) from /usr/libexec/openshift/cartridges/c9-0.1/root/lib/ruby/gems/specifications/erubis-2.7.0.gemspec
I, [2014-06-03T17:00:23.006808 #28563]  INFO -- : 0:  rack (1.5.2) from /usr/libexec/openshift/cartridges/c9-0.1/root/lib/ruby/gems/specifications/rack-1.5.2.gemspec
I, [2014-06-03T17:00:23.009772 #28563]  INFO -- : 0:  rack-test (0.6.2) from /usr/libexec/openshift/cartridges/c9-0.1/root/lib/ruby/gems/specifications/rack-test-0.6.2.gemspec
I, [2014-06-03T17:00:23.011691 #28563]  INFO -- : 0:  actionpack (4.0.0) from /usr/libexec/openshift/cartridges/c9-0.1/root/lib/ruby/gems/specifications/actionpack-4.0.0.gemspec
I, [2014-06-03T17:00:23.012943 #28563]  INFO -- : 0:  mime-types (1.25.1) from /usr/libexec/openshift/cartridges/c9-0.1/root/lib/ruby/gems/specifications/mime-types-1.25.1.gemspec
I, [2014-06-03T17:00:23.014077 #28563]  INFO -- : 0:  polyglot (0.3.5) from /var/lib/stickshift/538a3b5a500446507500045a/app-root/data/lib/ruby/gems/specifications/polyglot-0.3.5.gemspec
I, [2014-06-03T17:00:23.015159 #28563]  INFO -- : 0:  treetop (1.4.15) from /usr/libexec/openshift/cartridges/c9-0.1/root/lib/ruby/gems/specifications/treetop-1.4.15.gemspec
I, [2014-06-03T17:00:23.016320 #28563]  INFO -- : 0:  mail (2.5.4) from /usr/libexec/openshift/cartridges/c9-0.1/root/lib/ruby/gems/specifications/mail-2.5.4.gemspec
I, [2014-06-03T17:00:23.017488 #28563]  INFO -- : 0:  actionmailer (4.0.0) from /usr/libexec/openshift/cartridges/c9-0.1/root/lib/ruby/gems/specifications/actionmailer-4.0.0.gemspec
I, [2014-06-03T17:00:23.018501 #28563]  INFO -- : 0:  activemodel (4.0.0) from /usr/libexec/openshift/cartridges/c9-0.1/root/lib/ruby/gems/specifications/activemodel-4.0.0.gemspec
I, [2014-06-03T17:00:23.019534 #28563]  INFO -- : 0:  activerecord-deprecated_finders (1.0.3) from /usr/libexec/openshift/cartridges/c9-0.1/root/lib/ruby/gems/specifications/activerecord-deprecated_finders-1.0.3.gemspec
I, [2014-06-03T17:00:23.020740 #28563]  INFO -- : 0:  arel (4.0.2) from /var/lib/stickshift/538a3b5a500446507500045a/app-root/data/lib/ruby/gems/specifications/arel-4.0.2.gemspec
I, [2014-06-03T17:00:23.021849 #28563]  INFO -- : 0:  activerecord (4.0.0) from /usr/libexec/openshift/cartridges/c9-0.1/root/lib/ruby/gems/specifications/activerecord-4.0.0.gemspec
I, [2014-06-03T17:00:23.022914 #28563]  INFO -- : 0:  sass (3.2.19) from /var/lib/stickshift/538a3b5a500446507500045a/app-root/data/lib/ruby/gems/specifications/sass-3.2.19.gemspec
I, [2014-06-03T17:00:24.831686 #28563]  INFO -- : 0:  bootstrap-sass (2.3.2.0) from /var/lib/stickshift/538a3b5a500446507500045a/app-root/data/lib/ruby/gems/specifications/bootstrap-sass-2.3.2.0.gemspec
I, [2014-06-03T17:00:24.901617 #28563]  INFO -- : 0:  bundler (1.5.1) from /usr/libexec/openshift/cartridges/c9-0.1/root/lib/ruby/gems/specifications/bundler-1.5.1.gemspec
I, [2014-06-03T17:00:24.902983 #28563]  INFO -- : 0:  mini_portile (0.6.0) from /var/lib/stickshift/538a3b5a500446507500045a/app-root/data/lib/ruby/gems/specifications/mini_portile-0.6.0.gemspec
I, [2014-06-03T17:00:24.903999 #28563]  INFO -- : 0:  nokogiri (1.6.2.1) from /var/lib/stickshift/538a3b5a500446507500045a/app-root/data/lib/ruby/gems/specifications/nokogiri-1.6.2.1.gemspec
I, [2014-06-03T17:00:24.905107 #28563]  INFO -- : 0:  xpath (2.0.0) from /var/lib/stickshift/538a3b5a500446507500045a/app-root/data/lib/ruby/gems/specifications/xpath-2.0.0.gemspec
I, [2014-06-03T17:00:24.906118 #28563]  INFO -- : 0:  capybara (2.3.0) from /var/lib/stickshift/538a3b5a500446507500045a/app-root/data/lib/ruby/gems/specifications/capybara-2.3.0.gemspec
I, [2014-06-03T17:00:24.908453 #28563]  INFO -- : 0:  coffee-script-source (1.7.0) from /var/lib/stickshift/538a3b5a500446507500045a/app-root/data/lib/ruby/gems/specifications/coffee-script-source-1.7.0.gemspec
I, [2014-06-03T17:00:24.909600 #28563]  INFO -- : 0:  execjs (2.1.0) from /var/lib/stickshift/538a3b5a500446507500045a/app-root/data/lib/ruby/gems/specifications/execjs-2.1.0.gemspec
I, [2014-06-03T17:00:24.910752 #28563]  INFO -- : 0:  coffee-script (2.2.0) from /usr/libexec/openshift/cartridges/c9-0.1/root/lib/ruby/gems/specifications/coffee-script-2.2.0.gemspec
I, [2014-06-03T17:00:24.911793 #28563]  INFO -- : 0:  thor (0.19.1) from /var/lib/stickshift/538a3b5a500446507500045a/app-root/data/lib/ruby/gems/specifications/thor-0.19.1.gemspec
I, [2014-06-03T17:00:24.912919 #28563]  INFO -- : 0:  railties (4.0.0) from /usr/libexec/openshift/cartridges/c9-0.1/root/lib/ruby/gems/specifications/railties-4.0.0.gemspec
I, [2014-06-03T17:00:24.913907 #28563]  INFO -- : 0:  coffee-rails (4.0.1) from /usr/libexec/openshift/cartridges/c9-0.1/root/lib/ruby/gems/specifications/coffee-rails-4.0.1.gemspec
I, [2014-06-03T17:00:24.915077 #28563]  INFO -- : 0:  diff-lcs (1.2.5) from /var/lib/stickshift/538a3b5a500446507500045a/app-root/data/lib/ruby/gems/specifications/diff-lcs-1.2.5.gemspec
I, [2014-06-03T17:00:24.916008 #28563]  INFO -- : 0:  hike (1.2.3) from /usr/libexec/openshift/cartridges/c9-0.1/root/lib/ruby/gems/specifications/hike-1.2.3.gemspec
I, [2014-06-03T17:00:24.917127 #28563]  INFO -- : 0:  jbuilder (1.5.3) from /usr/libexec/openshift/cartridges/c9-0.1/root/lib/ruby/gems/specifications/jbuilder-1.5.3.gemspec
I, [2014-06-03T17:00:24.918094 #28563]  INFO -- : 0:  jquery-rails (3.1.0) from /var/lib/stickshift/538a3b5a500446507500045a/app-root/data/lib/ruby/gems/specifications/jquery-rails-3.1.0.gemspec
I, [2014-06-03T17:00:24.919174 #28563]  INFO -- : 0:  json (1.8.1) from /usr/libexec/openshift/cartridges/c9-0.1/root/lib/ruby/gems/specifications/json-1.8.1.gemspec
I, [2014-06-03T17:00:24.920132 #28563]  INFO -- : 0:  tilt (1.4.1) from /usr/libexec/openshift/cartridges/c9-0.1/root/lib/ruby/gems/specifications/tilt-1.4.1.gemspec
I, [2014-06-03T17:00:24.921213 #28563]  INFO -- : 0:  sprockets (2.11.0) from /var/lib/stickshift/538a3b5a500446507500045a/app-root/data/lib/ruby/gems/specifications/sprockets-2.11.0.gemspec
I, [2014-06-03T17:00:24.922121 #28563]  INFO -- : 0:  sprockets-rails (2.0.1) from /usr/libexec/openshift/cartridges/c9-0.1/root/lib/ruby/gems/specifications/sprockets-rails-2.0.1.gemspec
I, [2014-06-03T17:00:24.924161 #28563]  INFO -- : 0:  rails (4.0.0) from /usr/libexec/openshift/cartridges/c9-0.1/root/lib/ruby/gems/specifications/rails-4.0.0.gemspec
I, [2014-06-03T17:00:24.925140 #28563]  INFO -- : 0:  rdoc (4.1.1) from /usr/libexec/openshift/cartridges/c9-0.1/root/lib/ruby/gems/specifications/rdoc-4.1.1.gemspec
I, [2014-06-03T17:00:24.926234 #28563]  INFO -- : 0:  rspec-support (3.0.0) from /var/lib/stickshift/538a3b5a500446507500045a/app-root/data/lib/ruby/gems/specifications/rspec-support-3.0.0.gemspec
I, [2014-06-03T17:00:24.927185 #28563]  INFO -- : 0:  rspec-core (3.0.0) from /var/lib/stickshift/538a3b5a500446507500045a/app-root/data/lib/ruby/gems/specifications/rspec-core-3.0.0.gemspec
I, [2014-06-03T17:00:24.928247 #28563]  INFO -- : 0:  rspec-expectations (3.0.0) from /var/lib/stickshift/538a3b5a500446507500045a/app-root/data/lib/ruby/gems/specifications/rspec-expectations-3.0.0.gemspec
I, [2014-06-03T17:00:24.929343 #28563]  INFO -- : 0:  rspec-mocks (3.0.0) from /var/lib/stickshift/538a3b5a500446507500045a/app-root/data/lib/ruby/gems/specifications/rspec-mocks-3.0.0.gemspec
I, [2014-06-03T17:00:24.930423 #28563]  INFO -- : 0:  rspec-rails (3.0.1) from /var/lib/stickshift/538a3b5a500446507500045a/app-root/data/lib/ruby/gems/specifications/rspec-rails-3.0.1.gemspec
I, [2014-06-03T17:00:24.931342 #28563]  INFO -- : 0:  sass-rails (4.0.3) from /var/lib/stickshift/538a3b5a500446507500045a/app-root/data/lib/ruby/gems/specifications/sass-rails-4.0.3.gemspec
I, [2014-06-03T17:00:25.003613 #28563]  INFO -- : 0:  sdoc (0.4.0) from /usr/libexec/openshift/cartridges/c9-0.1/root/lib/ruby/gems/specifications/sdoc-0.4.0.gemspec
I, [2014-06-03T17:00:25.006032 #28563]  INFO -- : 0:  sqlite3 (1.3.9) from /var/lib/stickshift/538a3b5a500446507500045a/app-root/data/lib/ruby/gems/specifications/sqlite3-1.3.9.gemspec
I, [2014-06-03T17:00:25.007205 #28563]  INFO -- : 0:  turbolinks (2.2.2) from /var/lib/stickshift/538a3b5a500446507500045a/app-root/data/lib/ruby/gems/specifications/turbolinks-2.2.2.gemspec
I, [2014-06-03T17:00:25.008460 #28563]  INFO -- : 0:  uglifier (2.5.0) from /var/lib/stickshift/538a3b5a500446507500045a/app-root/data/lib/ruby/gems/specifications/uglifier-2.5.0.gemspec
